# JRE version: OpenJDK Runtime Environment Corretto-17.0.7.7.1 (17.0.7+7) (build 17.0.7+7-LTS)
# Java VM: OpenJDK 64-Bit Server VM Corretto-17.0.7.7.1 (17.0.7+7-LTS, mixed mode, sharing, tiered, compressed oops, compressed class ptrs, g1 gc, windows-amd64)
GC Precious Log:
 CPUs: 4 total, 4 available
 Memory: 16296M
 Large Page Support: Disabled
 NUMA Support: Disabled
 Compressed Oops: Enabled (Zero based)
 Heap Region Size: 2M
 Heap Min Capacity: 8M
 Heap Initial Capacity: 256M
 Heap Max Capacity: 4076M
 Pre-touch: Disabled
 Parallel Workers: 4
 Concurrent Workers: 1
 Concurrent Refinement Workers: 4
 Periodic GC: Disabled
Heap:
 garbage-first heap   total 49152K, used 27602K [0x0000000701400000, 0x0000000800000000)
  region size 2048K, 10 young (20480K), 1 survivors (2048K)
 Metaspace       used 31619K, committed 32000K, reserved 1114112K
  class space    used 3360K, committed 3520K, reserved 1048576K
GC Heap History (12 events):
Event: 0.514 GC heap before
{Heap before GC invocations=0 (full 0):
 garbage-first heap   total 262144K, used 10240K [0x0000000701400000, 0x0000000800000000)
  region size 2048K, 6 young (12288K), 0 survivors (0K)
 Metaspace       used 2188K, committed 2304K, reserved 1114112K
  class space    used 193K, committed 256K, reserved 1048576K
}
Event: 0.517 GC heap after
{Heap after GC invocations=1 (full 0):
 garbage-first heap   total 262144K, used 3245K [0x0000000701400000, 0x0000000800000000)
  region size 2048K, 1 young (2048K), 1 survivors (2048K)
 Metaspace       used 2188K, committed 2304K, reserved 1114112K
  class space    used 193K, committed 256K, reserved 1048576K
}
Event: 0.728 GC heap before
{Heap before GC invocations=1 (full 0):
 garbage-first heap   total 262144K, used 13485K [0x0000000701400000, 0x0000000800000000)
  region size 2048K, 7 young (14336K), 1 survivors (2048K)
 Metaspace       used 5693K, committed 5824K, reserved 1114112K
  class space    used 522K, committed 576K, reserved 1048576K
}
Event: 0.731 GC heap after
{Heap after GC invocations=2 (full 0):
 garbage-first heap   total 262144K, used 4449K [0x0000000701400000, 0x0000000800000000)
  region size 2048K, 1 young (2048K), 1 survivors (2048K)
 Metaspace       used 5693K, committed 5824K, reserved 1114112K
  class space    used 522K, committed 576K, reserved 1048576K
}
Event: 1.263 GC heap before
{Heap before GC invocations=2 (full 0):
 garbage-first heap   total 262144K, used 33121K [0x0000000701400000, 0x0000000800000000)
  region size 2048K, 16 young (32768K), 1 survivors (2048K)
 Metaspace       used 13573K, committed 13824K, reserved 1114112K
  class space    used 1394K, committed 1536K, reserved 1048576K
}
Event: 1.265 GC heap after
{Heap after GC invocations=3 (full 0):
 garbage-first heap   total 262144K, used 5035K [0x0000000701400000, 0x0000000800000000)
  region size 2048K, 1 young (2048K), 1 survivors (2048K)
 Metaspace       used 13573K, committed 13824K, reserved 1114112K
  class space    used 1394K, committed 1536K, reserved 1048576K
}
Event: 4.872 GC heap before
{Heap before GC invocations=3 (full 0):
 garbage-first heap   total 262144K, used 45995K [0x0000000701400000, 0x0000000800000000)
  region size 2048K, 20 young (40960K), 1 survivors (2048K)
 Metaspace       used 21272K, committed 21504K, reserved 1114112K
  class space    used 2236K, committed 2368K, reserved 1048576K
}
Event: 4.877 GC heap after
{Heap after GC invocations=4 (full 0):
 garbage-first heap   total 262144K, used 10943K [0x0000000701400000, 0x0000000800000000)
  region size 2048K, 2 young (4096K), 2 survivors (4096K)
 Metaspace       used 21272K, committed 21504K, reserved 1114112K
  class space    used 2236K, committed 2368K, reserved 1048576K
}
Event: 5.397 GC heap before
{Heap before GC invocations=5 (full 0):
 garbage-first heap   total 49152K, used 39615K [0x0000000701400000, 0x0000000800000000)
  region size 2048K, 17 young (34816K), 2 survivors (4096K)
 Metaspace       used 29212K, committed 29440K, reserved 1114112K
  class space    used 3062K, committed 3136K, reserved 1048576K
}
Event: 5.403 GC heap after
{Heap after GC invocations=6 (full 0):
 garbage-first heap   total 49152K, used 12868K [0x0000000701400000, 0x0000000800000000)
  region size 2048K, 3 young (6144K), 3 survivors (6144K)
 Metaspace       used 29212K, committed 29440K, reserved 1114112K
  class space    used 3062K, committed 3136K, reserved 1048576K
}
Event: 38.697 GC heap before
{Heap before GC invocations=6 (full 0):
 garbage-first heap   total 49152K, used 12868K [0x0000000701400000, 0x0000000800000000)
  region size 2048K, 4 young (8192K), 3 survivors (6144K)
 Metaspace       used 29657K, committed 29952K, reserved 1114112K
  class space    used 3107K, committed 3264K, reserved 1048576K
}
Event: 38.704 GC heap after
{Heap after GC invocations=7 (full 0):
 garbage-first heap   total 49152K, used 13266K [0x0000000701400000, 0x0000000800000000)
  region size 2048K, 1 young (2048K), 1 survivors (2048K)
 Metaspace       used 29657K, committed 29952K, reserved 1114112K
  class space    used 3107K, committed 3264K, reserved 1048576K
}

